<?xml version='1.0' encoding='UTF-8' ?>
<testsuite name="com.example.projetofinalquad4.ExampleInstrumentedTest" tests="1" failures="0" errors="0" skipped="0" time="1.31" timestamp="2022-05-31T17:42:55" hostname="localhost">
  <properties>
    <property name="device" value="Pixel_4_API_29(AVD) - 10" />
    <property name="flavor" value="" />
    <property name="project" value="app" />
  </properties>
  <testcase name="useAppContext" classname="com.example.projetofinalquad4.ExampleInstrumentedTest" time="0.01" />
</testsuite>